2017-08-14 18:53:31 Error: [Cake\Routing\Exception\MissingRouteException] A route matching "XDEBUG_SESSION_START=netbeans-xdebug" could not be found.
Exception Attributes: array (
  'url' => 'XDEBUG_SESSION_START=netbeans-xdebug',
)
Request URL: XDEBUG_SESSION_START=netbeans-xdebug?XDEBUG_SESSION_START=netbeans-xdebug
Stack Trace:
#0 C:\xampp\htdocs\map\vendor\cakephp\cakephp\src\Routing\Router.php(368): Cake\Routing\RouteCollection->parseRequest(Object(Cake\Http\ServerRequest))
#1 C:\xampp\htdocs\map\vendor\cakephp\cakephp\src\Routing\Middleware\RoutingMiddleware.php(48): Cake\Routing\Router::parseRequest(Object(Cake\Http\ServerRequest))
#2 C:\xampp\htdocs\map\vendor\cakephp\cakephp\src\Http\Runner.php(65): Cake\Routing\Middleware\RoutingMiddleware->__invoke(Object(Cake\Http\ServerRequest), Object(Cake\Http\Response), Object(Cake\Http\Runner))
#3 C:\xampp\htdocs\map\vendor\cakephp\cakephp\src\Routing\Middleware\AssetMiddleware.php(88): Cake\Http\Runner->__invoke(Object(Cake\Http\ServerRequest), Object(Cake\Http\Response))
#4 C:\xampp\htdocs\map\vendor\cakephp\cakephp\src\Http\Runner.php(65): Cake\Routing\Middleware\AssetMiddleware->__invoke(Object(Cake\Http\ServerRequest), Object(Cake\Http\Response), Object(Cake\Http\Runner))
#5 C:\xampp\htdocs\map\vendor\cakephp\cakephp\src\Error\Middleware\ErrorHandlerMiddleware.php(92): Cake\Http\Runner->__invoke(Object(Cake\Http\ServerRequest), Object(Cake\Http\Response))
#6 C:\xampp\htdocs\map\vendor\cakephp\cakephp\src\Http\Runner.php(65): Cake\Error\Middleware\ErrorHandlerMiddleware->__invoke(Object(Cake\Http\ServerRequest), Object(Cake\Http\Response), Object(Cake\Http\Runner))
#7 C:\xampp\htdocs\map\vendor\cakephp\debug_kit\src\Middleware\DebugKitMiddleware.php(52): Cake\Http\Runner->__invoke(Object(Cake\Http\ServerRequest), Object(Cake\Http\Response))
#8 C:\xampp\htdocs\map\vendor\cakephp\cakephp\src\Http\Runner.php(65): DebugKit\Middleware\DebugKitMiddleware->__invoke(Object(Cake\Http\ServerRequest), Object(Cake\Http\Response), Object(Cake\Http\Runner))
#9 C:\xampp\htdocs\map\vendor\cakephp\cakephp\src\Http\Runner.php(51): Cake\Http\Runner->__invoke(Object(Cake\Http\ServerRequest), Object(Cake\Http\Response))
#10 C:\xampp\htdocs\map\vendor\cakephp\cakephp\src\Http\Server.php(80): Cake\Http\Runner->run(Object(Cake\Http\MiddlewareQueue), Object(Cake\Http\ServerRequest), Object(Cake\Http\Response))
#11 C:\xampp\htdocs\map\webroot\index.php(37): Cake\Http\Server->run()
#12 {main}


2017-08-16 11:12:57 Error: [Cake\Routing\Exception\MissingRouteException] A route matching "XDEBUG_SESSION_START=netbeans-xdebug" could not be found.
Exception Attributes: array (
  'url' => 'XDEBUG_SESSION_START=netbeans-xdebug',
)
Request URL: XDEBUG_SESSION_START=netbeans-xdebug?XDEBUG_SESSION_START=netbeans-xdebug
Stack Trace:
#0 C:\xampp\htdocs\map\vendor\cakephp\cakephp\src\Routing\Router.php(368): Cake\Routing\RouteCollection->parseRequest(Object(Cake\Http\ServerRequest))
#1 C:\xampp\htdocs\map\vendor\cakephp\cakephp\src\Routing\Middleware\RoutingMiddleware.php(48): Cake\Routing\Router::parseRequest(Object(Cake\Http\ServerRequest))
#2 C:\xampp\htdocs\map\vendor\cakephp\cakephp\src\Http\Runner.php(65): Cake\Routing\Middleware\RoutingMiddleware->__invoke(Object(Cake\Http\ServerRequest), Object(Cake\Http\Response), Object(Cake\Http\Runner))
#3 C:\xampp\htdocs\map\vendor\cakephp\cakephp\src\Routing\Middleware\AssetMiddleware.php(88): Cake\Http\Runner->__invoke(Object(Cake\Http\ServerRequest), Object(Cake\Http\Response))
#4 C:\xampp\htdocs\map\vendor\cakephp\cakephp\src\Http\Runner.php(65): Cake\Routing\Middleware\AssetMiddleware->__invoke(Object(Cake\Http\ServerRequest), Object(Cake\Http\Response), Object(Cake\Http\Runner))
#5 C:\xampp\htdocs\map\vendor\cakephp\cakephp\src\Error\Middleware\ErrorHandlerMiddleware.php(92): Cake\Http\Runner->__invoke(Object(Cake\Http\ServerRequest), Object(Cake\Http\Response))
#6 C:\xampp\htdocs\map\vendor\cakephp\cakephp\src\Http\Runner.php(65): Cake\Error\Middleware\ErrorHandlerMiddleware->__invoke(Object(Cake\Http\ServerRequest), Object(Cake\Http\Response), Object(Cake\Http\Runner))
#7 C:\xampp\htdocs\map\vendor\cakephp\debug_kit\src\Middleware\DebugKitMiddleware.php(52): Cake\Http\Runner->__invoke(Object(Cake\Http\ServerRequest), Object(Cake\Http\Response))
#8 C:\xampp\htdocs\map\vendor\cakephp\cakephp\src\Http\Runner.php(65): DebugKit\Middleware\DebugKitMiddleware->__invoke(Object(Cake\Http\ServerRequest), Object(Cake\Http\Response), Object(Cake\Http\Runner))
#9 C:\xampp\htdocs\map\vendor\cakephp\cakephp\src\Http\Runner.php(51): Cake\Http\Runner->__invoke(Object(Cake\Http\ServerRequest), Object(Cake\Http\Response))
#10 C:\xampp\htdocs\map\vendor\cakephp\cakephp\src\Http\Server.php(80): Cake\Http\Runner->run(Object(Cake\Http\MiddlewareQueue), Object(Cake\Http\ServerRequest), Object(Cake\Http\Response))
#11 C:\xampp\htdocs\map\webroot\index.php(37): Cake\Http\Server->run()
#12 {main}


2017-08-17 11:49:01 Error: [ParseError] syntax error, unexpected '?>' in C:\xampp\htdocs\map\src\Template\Layout\default.ctp on line 31
Request URL: /
Stack Trace:
#0 C:\xampp\htdocs\map\vendor\cakephp\cakephp\src\View\View.php(986): Cake\View\View->_evaluate('C:\\xampp\\htdocs...', Array)
#1 C:\xampp\htdocs\map\vendor\cakephp\cakephp\src\View\View.php(657): Cake\View\View->_render('C:\\xampp\\htdocs...')
#2 C:\xampp\htdocs\map\vendor\cakephp\cakephp\src\View\View.php(615): Cake\View\View->renderLayout('', 'default')
#3 C:\xampp\htdocs\map\vendor\cakephp\cakephp\src\Controller\Controller.php(623): Cake\View\View->render(NULL, NULL)
#4 C:\xampp\htdocs\map\vendor\cakephp\cakephp\src\Http\ActionDispatcher.php(125): Cake\Controller\Controller->render()
#5 C:\xampp\htdocs\map\vendor\cakephp\cakephp\src\Http\ActionDispatcher.php(93): Cake\Http\ActionDispatcher->_invoke(Object(App\Controller\HomeController))
#6 C:\xampp\htdocs\map\vendor\cakephp\cakephp\src\Http\BaseApplication.php(78): Cake\Http\ActionDispatcher->dispatch(Object(Cake\Http\ServerRequest), Object(Cake\Http\Response))
#7 C:\xampp\htdocs\map\vendor\cakephp\cakephp\src\Http\Runner.php(65): Cake\Http\BaseApplication->__invoke(Object(Cake\Http\ServerRequest), Object(Cake\Http\Response), Object(Cake\Http\Runner))
#8 C:\xampp\htdocs\map\vendor\cakephp\cakephp\src\Routing\Middleware\RoutingMiddleware.php(59): Cake\Http\Runner->__invoke(Object(Cake\Http\ServerRequest), Object(Cake\Http\Response))
#9 C:\xampp\htdocs\map\vendor\cakephp\cakephp\src\Http\Runner.php(65): Cake\Routing\Middleware\RoutingMiddleware->__invoke(Object(Cake\Http\ServerRequest), Object(Cake\Http\Response), Object(Cake\Http\Runner))
#10 C:\xampp\htdocs\map\vendor\cakephp\cakephp\src\Routing\Middleware\AssetMiddleware.php(88): Cake\Http\Runner->__invoke(Object(Cake\Http\ServerRequest), Object(Cake\Http\Response))
#11 C:\xampp\htdocs\map\vendor\cakephp\cakephp\src\Http\Runner.php(65): Cake\Routing\Middleware\AssetMiddleware->__invoke(Object(Cake\Http\ServerRequest), Object(Cake\Http\Response), Object(Cake\Http\Runner))
#12 C:\xampp\htdocs\map\vendor\cakephp\cakephp\src\Error\Middleware\ErrorHandlerMiddleware.php(92): Cake\Http\Runner->__invoke(Object(Cake\Http\ServerRequest), Object(Cake\Http\Response))
#13 C:\xampp\htdocs\map\vendor\cakephp\cakephp\src\Http\Runner.php(65): Cake\Error\Middleware\ErrorHandlerMiddleware->__invoke(Object(Cake\Http\ServerRequest), Object(Cake\Http\Response), Object(Cake\Http\Runner))
#14 C:\xampp\htdocs\map\vendor\cakephp\debug_kit\src\Middleware\DebugKitMiddleware.php(52): Cake\Http\Runner->__invoke(Object(Cake\Http\ServerRequest), Object(Cake\Http\Response))
#15 C:\xampp\htdocs\map\vendor\cakephp\cakephp\src\Http\Runner.php(65): DebugKit\Middleware\DebugKitMiddleware->__invoke(Object(Cake\Http\ServerRequest), Object(Cake\Http\Response), Object(Cake\Http\Runner))
#16 C:\xampp\htdocs\map\vendor\cakephp\cakephp\src\Http\Runner.php(51): Cake\Http\Runner->__invoke(Object(Cake\Http\ServerRequest), Object(Cake\Http\Response))
#17 C:\xampp\htdocs\map\vendor\cakephp\cakephp\src\Http\Server.php(80): Cake\Http\Runner->run(Object(Cake\Http\MiddlewareQueue), Object(Cake\Http\ServerRequest), Object(Cake\Http\Response))
#18 C:\xampp\htdocs\map\webroot\index.php(37): Cake\Http\Server->run()
#19 {main}


2017-08-17 14:03:21 Error: [ParseError] syntax error, unexpected '=>' (T_DOUBLE_ARROW), expecting ']' in C:\xampp\htdocs\map\src\Template\Layout\default.ctp on line 57
Request URL: /
Stack Trace:
#0 C:\xampp\htdocs\map\vendor\cakephp\cakephp\src\View\View.php(986): Cake\View\View->_evaluate('C:\\xampp\\htdocs...', Array)
#1 C:\xampp\htdocs\map\vendor\cakephp\cakephp\src\View\View.php(657): Cake\View\View->_render('C:\\xampp\\htdocs...')
#2 C:\xampp\htdocs\map\vendor\cakephp\cakephp\src\View\View.php(615): Cake\View\View->renderLayout('', 'default')
#3 C:\xampp\htdocs\map\vendor\cakephp\cakephp\src\Controller\Controller.php(623): Cake\View\View->render(NULL, NULL)
#4 C:\xampp\htdocs\map\vendor\cakephp\cakephp\src\Http\ActionDispatcher.php(125): Cake\Controller\Controller->render()
#5 C:\xampp\htdocs\map\vendor\cakephp\cakephp\src\Http\ActionDispatcher.php(93): Cake\Http\ActionDispatcher->_invoke(Object(App\Controller\HomeController))
#6 C:\xampp\htdocs\map\vendor\cakephp\cakephp\src\Http\BaseApplication.php(78): Cake\Http\ActionDispatcher->dispatch(Object(Cake\Http\ServerRequest), Object(Cake\Http\Response))
#7 C:\xampp\htdocs\map\vendor\cakephp\cakephp\src\Http\Runner.php(65): Cake\Http\BaseApplication->__invoke(Object(Cake\Http\ServerRequest), Object(Cake\Http\Response), Object(Cake\Http\Runner))
#8 C:\xampp\htdocs\map\vendor\cakephp\cakephp\src\Routing\Middleware\RoutingMiddleware.php(59): Cake\Http\Runner->__invoke(Object(Cake\Http\ServerRequest), Object(Cake\Http\Response))
#9 C:\xampp\htdocs\map\vendor\cakephp\cakephp\src\Http\Runner.php(65): Cake\Routing\Middleware\RoutingMiddleware->__invoke(Object(Cake\Http\ServerRequest), Object(Cake\Http\Response), Object(Cake\Http\Runner))
#10 C:\xampp\htdocs\map\vendor\cakephp\cakephp\src\Routing\Middleware\AssetMiddleware.php(88): Cake\Http\Runner->__invoke(Object(Cake\Http\ServerRequest), Object(Cake\Http\Response))
#11 C:\xampp\htdocs\map\vendor\cakephp\cakephp\src\Http\Runner.php(65): Cake\Routing\Middleware\AssetMiddleware->__invoke(Object(Cake\Http\ServerRequest), Object(Cake\Http\Response), Object(Cake\Http\Runner))
#12 C:\xampp\htdocs\map\vendor\cakephp\cakephp\src\Error\Middleware\ErrorHandlerMiddleware.php(92): Cake\Http\Runner->__invoke(Object(Cake\Http\ServerRequest), Object(Cake\Http\Response))
#13 C:\xampp\htdocs\map\vendor\cakephp\cakephp\src\Http\Runner.php(65): Cake\Error\Middleware\ErrorHandlerMiddleware->__invoke(Object(Cake\Http\ServerRequest), Object(Cake\Http\Response), Object(Cake\Http\Runner))
#14 C:\xampp\htdocs\map\vendor\cakephp\debug_kit\src\Middleware\DebugKitMiddleware.php(52): Cake\Http\Runner->__invoke(Object(Cake\Http\ServerRequest), Object(Cake\Http\Response))
#15 C:\xampp\htdocs\map\vendor\cakephp\cakephp\src\Http\Runner.php(65): DebugKit\Middleware\DebugKitMiddleware->__invoke(Object(Cake\Http\ServerRequest), Object(Cake\Http\Response), Object(Cake\Http\Runner))
#16 C:\xampp\htdocs\map\vendor\cakephp\cakephp\src\Http\Runner.php(51): Cake\Http\Runner->__invoke(Object(Cake\Http\ServerRequest), Object(Cake\Http\Response))
#17 C:\xampp\htdocs\map\vendor\cakephp\cakephp\src\Http\Server.php(80): Cake\Http\Runner->run(Object(Cake\Http\MiddlewareQueue), Object(Cake\Http\ServerRequest), Object(Cake\Http\Response))
#18 C:\xampp\htdocs\map\webroot\index.php(37): Cake\Http\Server->run()
#19 {main}


2017-08-17 14:03:39 Error: [ParseError] syntax error, unexpected '=>' (T_DOUBLE_ARROW), expecting ']' in C:\xampp\htdocs\map\src\Template\Layout\default.ctp on line 57
Request URL: /
Stack Trace:
#0 C:\xampp\htdocs\map\vendor\cakephp\cakephp\src\View\View.php(986): Cake\View\View->_evaluate('C:\\xampp\\htdocs...', Array)
#1 C:\xampp\htdocs\map\vendor\cakephp\cakephp\src\View\View.php(657): Cake\View\View->_render('C:\\xampp\\htdocs...')
#2 C:\xampp\htdocs\map\vendor\cakephp\cakephp\src\View\View.php(615): Cake\View\View->renderLayout('', 'default')
#3 C:\xampp\htdocs\map\vendor\cakephp\cakephp\src\Controller\Controller.php(623): Cake\View\View->render(NULL, NULL)
#4 C:\xampp\htdocs\map\vendor\cakephp\cakephp\src\Http\ActionDispatcher.php(125): Cake\Controller\Controller->render()
#5 C:\xampp\htdocs\map\vendor\cakephp\cakephp\src\Http\ActionDispatcher.php(93): Cake\Http\ActionDispatcher->_invoke(Object(App\Controller\HomeController))
#6 C:\xampp\htdocs\map\vendor\cakephp\cakephp\src\Http\BaseApplication.php(78): Cake\Http\ActionDispatcher->dispatch(Object(Cake\Http\ServerRequest), Object(Cake\Http\Response))
#7 C:\xampp\htdocs\map\vendor\cakephp\cakephp\src\Http\Runner.php(65): Cake\Http\BaseApplication->__invoke(Object(Cake\Http\ServerRequest), Object(Cake\Http\Response), Object(Cake\Http\Runner))
#8 C:\xampp\htdocs\map\vendor\cakephp\cakephp\src\Routing\Middleware\RoutingMiddleware.php(59): Cake\Http\Runner->__invoke(Object(Cake\Http\ServerRequest), Object(Cake\Http\Response))
#9 C:\xampp\htdocs\map\vendor\cakephp\cakephp\src\Http\Runner.php(65): Cake\Routing\Middleware\RoutingMiddleware->__invoke(Object(Cake\Http\ServerRequest), Object(Cake\Http\Response), Object(Cake\Http\Runner))
#10 C:\xampp\htdocs\map\vendor\cakephp\cakephp\src\Routing\Middleware\AssetMiddleware.php(88): Cake\Http\Runner->__invoke(Object(Cake\Http\ServerRequest), Object(Cake\Http\Response))
#11 C:\xampp\htdocs\map\vendor\cakephp\cakephp\src\Http\Runner.php(65): Cake\Routing\Middleware\AssetMiddleware->__invoke(Object(Cake\Http\ServerRequest), Object(Cake\Http\Response), Object(Cake\Http\Runner))
#12 C:\xampp\htdocs\map\vendor\cakephp\cakephp\src\Error\Middleware\ErrorHandlerMiddleware.php(92): Cake\Http\Runner->__invoke(Object(Cake\Http\ServerRequest), Object(Cake\Http\Response))
#13 C:\xampp\htdocs\map\vendor\cakephp\cakephp\src\Http\Runner.php(65): Cake\Error\Middleware\ErrorHandlerMiddleware->__invoke(Object(Cake\Http\ServerRequest), Object(Cake\Http\Response), Object(Cake\Http\Runner))
#14 C:\xampp\htdocs\map\vendor\cakephp\debug_kit\src\Middleware\DebugKitMiddleware.php(52): Cake\Http\Runner->__invoke(Object(Cake\Http\ServerRequest), Object(Cake\Http\Response))
#15 C:\xampp\htdocs\map\vendor\cakephp\cakephp\src\Http\Runner.php(65): DebugKit\Middleware\DebugKitMiddleware->__invoke(Object(Cake\Http\ServerRequest), Object(Cake\Http\Response), Object(Cake\Http\Runner))
#16 C:\xampp\htdocs\map\vendor\cakephp\cakephp\src\Http\Runner.php(51): Cake\Http\Runner->__invoke(Object(Cake\Http\ServerRequest), Object(Cake\Http\Response))
#17 C:\xampp\htdocs\map\vendor\cakephp\cakephp\src\Http\Server.php(80): Cake\Http\Runner->run(Object(Cake\Http\MiddlewareQueue), Object(Cake\Http\ServerRequest), Object(Cake\Http\Response))
#18 C:\xampp\htdocs\map\webroot\index.php(37): Cake\Http\Server->run()
#19 {main}


2017-08-17 14:03:42 Error: [ParseError] syntax error, unexpected '=>' (T_DOUBLE_ARROW), expecting ']' in C:\xampp\htdocs\map\src\Template\Layout\default.ctp on line 57
Request URL: /
Stack Trace:
#0 C:\xampp\htdocs\map\vendor\cakephp\cakephp\src\View\View.php(986): Cake\View\View->_evaluate('C:\\xampp\\htdocs...', Array)
#1 C:\xampp\htdocs\map\vendor\cakephp\cakephp\src\View\View.php(657): Cake\View\View->_render('C:\\xampp\\htdocs...')
#2 C:\xampp\htdocs\map\vendor\cakephp\cakephp\src\View\View.php(615): Cake\View\View->renderLayout('', 'default')
#3 C:\xampp\htdocs\map\vendor\cakephp\cakephp\src\Controller\Controller.php(623): Cake\View\View->render(NULL, NULL)
#4 C:\xampp\htdocs\map\vendor\cakephp\cakephp\src\Http\ActionDispatcher.php(125): Cake\Controller\Controller->render()
#5 C:\xampp\htdocs\map\vendor\cakephp\cakephp\src\Http\ActionDispatcher.php(93): Cake\Http\ActionDispatcher->_invoke(Object(App\Controller\HomeController))
#6 C:\xampp\htdocs\map\vendor\cakephp\cakephp\src\Http\BaseApplication.php(78): Cake\Http\ActionDispatcher->dispatch(Object(Cake\Http\ServerRequest), Object(Cake\Http\Response))
#7 C:\xampp\htdocs\map\vendor\cakephp\cakephp\src\Http\Runner.php(65): Cake\Http\BaseApplication->__invoke(Object(Cake\Http\ServerRequest), Object(Cake\Http\Response), Object(Cake\Http\Runner))
#8 C:\xampp\htdocs\map\vendor\cakephp\cakephp\src\Routing\Middleware\RoutingMiddleware.php(59): Cake\Http\Runner->__invoke(Object(Cake\Http\ServerRequest), Object(Cake\Http\Response))
#9 C:\xampp\htdocs\map\vendor\cakephp\cakephp\src\Http\Runner.php(65): Cake\Routing\Middleware\RoutingMiddleware->__invoke(Object(Cake\Http\ServerRequest), Object(Cake\Http\Response), Object(Cake\Http\Runner))
#10 C:\xampp\htdocs\map\vendor\cakephp\cakephp\src\Routing\Middleware\AssetMiddleware.php(88): Cake\Http\Runner->__invoke(Object(Cake\Http\ServerRequest), Object(Cake\Http\Response))
#11 C:\xampp\htdocs\map\vendor\cakephp\cakephp\src\Http\Runner.php(65): Cake\Routing\Middleware\AssetMiddleware->__invoke(Object(Cake\Http\ServerRequest), Object(Cake\Http\Response), Object(Cake\Http\Runner))
#12 C:\xampp\htdocs\map\vendor\cakephp\cakephp\src\Error\Middleware\ErrorHandlerMiddleware.php(92): Cake\Http\Runner->__invoke(Object(Cake\Http\ServerRequest), Object(Cake\Http\Response))
#13 C:\xampp\htdocs\map\vendor\cakephp\cakephp\src\Http\Runner.php(65): Cake\Error\Middleware\ErrorHandlerMiddleware->__invoke(Object(Cake\Http\ServerRequest), Object(Cake\Http\Response), Object(Cake\Http\Runner))
#14 C:\xampp\htdocs\map\vendor\cakephp\debug_kit\src\Middleware\DebugKitMiddleware.php(52): Cake\Http\Runner->__invoke(Object(Cake\Http\ServerRequest), Object(Cake\Http\Response))
#15 C:\xampp\htdocs\map\vendor\cakephp\cakephp\src\Http\Runner.php(65): DebugKit\Middleware\DebugKitMiddleware->__invoke(Object(Cake\Http\ServerRequest), Object(Cake\Http\Response), Object(Cake\Http\Runner))
#16 C:\xampp\htdocs\map\vendor\cakephp\cakephp\src\Http\Runner.php(51): Cake\Http\Runner->__invoke(Object(Cake\Http\ServerRequest), Object(Cake\Http\Response))
#17 C:\xampp\htdocs\map\vendor\cakephp\cakephp\src\Http\Server.php(80): Cake\Http\Runner->run(Object(Cake\Http\MiddlewareQueue), Object(Cake\Http\ServerRequest), Object(Cake\Http\Response))
#18 C:\xampp\htdocs\map\webroot\index.php(37): Cake\Http\Server->run()
#19 {main}


